2023-09-22T06:39:29+00:00 CRITICAL Uncaught TypeError: call_user_func_array(): Argument #1 ($callback) must be a valid callback, function "add_admin_link" not found or invalid function name in C:\Users\hp\Local Sites\planty3\app\public\wp-includes\class-wp-hook.php:310
Stack trace:
#0 C:\Users\hp\Local Sites\planty3\app\public\wp-includes\plugin.php(205): WP_Hook->apply_filters('<li id="menu-it...', Array)
#1 C:\Users\hp\Local Sites\planty3\app\public\wp-includes\nav-menu-template.php(267): apply_filters('wp_nav_menu_ite...', '<li id="menu-it...', Object(stdClass))
#2 C:\Users\hp\Local Sites\planty3\app\public\wp-content\themes\astra\inc\builder\type\header\menu\class-astra-header-menu-component.php(131): wp_nav_menu(Object(stdClass))
#3 C:\Users\hp\Local Sites\planty3\app\public\wp-content\themes\astra\inc\builder\markup\class-astra-builder-header.php(126): Astra_Header_Menu_Component::menu_markup(1, 'desktop')
#4 C:\Users\hp\Local Sites\planty3\app\public\wp-includes\class-wp-hook.php(310): Astra_Builder_Header->__call('menu_1', Array)
#5 C:\Users\hp\Local Sites\planty3\app\public\wp-includes\class-wp-hook.php(334): WP_Hook->apply_filters('', Array)
#6 C:\Users\hp\Local Sites\planty3\app\public\wp-includes\plugin.php(517): WP_Hook->do_action(Array)
#7 C:\Users\hp\Local Sites\planty3\app\public\wp-content\themes\astra\template-parts\header\builder\components.php(44): do_action('astra_header_me...', 'desktop')
#8 C:\Users\hp\Local Sites\planty3\app\public\wp-includes\template.php(787): require('C:\\Users\\hp\\Loc...')
#9 C:\Users\hp\Local Sites\planty3\app\public\wp-includes\template.php(720): load_template('C:\\Users\\hp\\Loc...', false, Array)
#10 C:\Users\hp\Local Sites\planty3\app\public\wp-includes\general-template.php(206): locate_template(Array, true, false, Array)
#11 C:\Users\hp\Local Sites\planty3\app\public\wp-content\themes\astra\inc\core\builder\class-astra-builder-helper.php(932): get_template_part('template-parts/...', '', Array)
#12 C:\Users\hp\Local Sites\planty3\app\public\wp-content\themes\astra\inc\builder\markup\class-astra-builder-header.php(234): Astra_Builder_Helper::render_builder_markup('primary', 'right', 'desktop', 'header')
#13 C:\Users\hp\Local Sites\planty3\app\public\wp-includes\class-wp-hook.php(310): Astra_Builder_Header->render_column('primary', 'right')
#14 C:\Users\hp\Local Sites\planty3\app\public\wp-includes\class-wp-hook.php(334): WP_Hook->apply_filters('', Array)
#15 C:\Users\hp\Local Sites\planty3\app\public\wp-includes\plugin.php(517): WP_Hook->do_action(Array)
#16 C:\Users\hp\Local Sites\planty3\app\public\wp-content\themes\astra\template-parts\header\builder\header-row.php(84): do_action('astra_render_he...', 'primary', 'right')
#17 C:\Users\hp\Local Sites\planty3\app\public\wp-includes\template.php(787): require('C:\\Users\\hp\\Loc...')
#18 C:\Users\hp\Local Sites\planty3\app\public\wp-includes\template.php(720): load_template('C:\\Users\\hp\\Loc...', false, Array)
#19 C:\Users\hp\Local Sites\planty3\app\public\wp-includes\general-template.php(206): locate_template(Array, true, false, Array)
#20 C:\Users\hp\Local Sites\planty3\app\public\wp-content\themes\astra\inc\builder\markup\class-astra-builder-header.php(282): get_template_part('template-parts/...', 'row', Array)
#21 C:\Users\hp\Local Sites\planty3\app\public\wp-includes\class-wp-hook.php(310): Astra_Builder_Header->primary_header('')
#22 C:\Users\hp\Local Sites\planty3\app\public\wp-includes\class-wp-hook.php(334): WP_Hook->apply_filters('', Array)
#23 C:\Users\hp\Local Sites\planty3\app\public\wp-includes\plugin.php(517): WP_Hook->do_action(Array)
#24 C:\Users\hp\Local Sites\planty3\app\public\wp-content\themes\astra\template-parts\header\builder\desktop-builder-layout.php(27): do_action('astra_primary_h...')
#25 C:\Users\hp\Local Sites\planty3\app\public\wp-includes\template.php(787): require('C:\\Users\\hp\\Loc...')
#26 C:\Users\hp\Local Sites\planty3\app\public\wp-includes\template.php(720): load_template('C:\\Users\\hp\\Loc...', false, Array)
#27 C:\Users\hp\Local Sites\planty3\app\public\wp-includes\general-template.php(206): locate_template(Array, true, false, Array)
#28 C:\Users\hp\Local Sites\planty3\app\public\wp-content\themes\astra\inc\builder\markup\class-astra-builder-header.php(241): get_template_part('template-parts/...')
#29 C:\Users\hp\Local Sites\planty3\app\public\wp-includes\class-wp-hook.php(310): Astra_Builder_Header->desktop_header('')
#30 C:\Users\hp\Local Sites\planty3\app\public\wp-includes\class-wp-hook.php(334): WP_Hook->apply_filters('', Array)
#31 C:\Users\hp\Local Sites\planty3\app\public\wp-includes\plugin.php(517): WP_Hook->do_action(Array)
#32 C:\Users\hp\Local Sites\planty3\app\public\wp-content\themes\astra\inc\core\theme-hooks.php(159): do_action('astra_masthead')
#33 C:\Users\hp\Local Sites\planty3\app\public\wp-content\themes\astra\inc\markup-extras.php(987): astra_masthead()
#34 C:\Users\hp\Local Sites\planty3\app\public\wp-includes\class-wp-hook.php(310): astra_header_markup('')
#35 C:\Users\hp\Local Sites\planty3\app\public\wp-includes\class-wp-hook.php(334): WP_Hook->apply_filters(NULL, Array)
#36 C:\Users\hp\Local Sites\planty3\app\public\wp-includes\plugin.php(517): WP_Hook->do_action(Array)
#37 C:\Users\hp\Local Sites\planty3\app\public\wp-content\themes\astra\inc\core\theme-hooks.php(145): do_action('astra_header')
#38 C:\Users\hp\Local Sites\planty3\app\public\wp-content\themes\astra-child\header.php(62): astra_header()
#39 C:\Users\hp\Local Sites\planty3\app\public\wp-includes\template.php(785): require_once('C:\\Users\\hp\\Loc...')
#40 C:\Users\hp\Local Sites\planty3\app\public\wp-includes\template.php(720): load_template('C:\\Users\\hp\\Loc...', true, Array)
#41 C:\Users\hp\Local Sites\planty3\app\public\wp-includes\general-template.php(48): locate_template(Array, true, true, Array)
#42 C:\Users\hp\Local Sites\planty3\app\public\wp-content\themes\astra\page.php(20): get_header()
#43 C:\Users\hp\Local Sites\planty3\app\public\wp-includes\template-loader.php(106): include('C:\\Users\\hp\\Loc...')
#44 C:\Users\hp\Local Sites\planty3\app\public\wp-blog-header.php(19): require_once('C:\\Users\\hp\\Loc...')
#45 C:\Users\hp\Local Sites\planty3\app\public\index.php(17): require('C:\\Users\\hp\\Loc...')
#46 {main}
  thrown dans C:\Users\hp\Local Sites\planty3\app\public\wp-includes\class-wp-hook.php à la ligne 310

2023-09-22T06:39:35+00:00 CRITICAL Uncaught TypeError: call_user_func_array(): Argument #1 ($callback) must be a valid callback, function "add_admin_link" not found or invalid function name in C:\Users\hp\Local Sites\planty3\app\public\wp-includes\class-wp-hook.php:310
Stack trace:
#0 C:\Users\hp\Local Sites\planty3\app\public\wp-includes\plugin.php(205): WP_Hook->apply_filters('<li id="menu-it...', Array)
#1 C:\Users\hp\Local Sites\planty3\app\public\wp-includes\nav-menu-template.php(267): apply_filters('wp_nav_menu_ite...', '<li id="menu-it...', Object(stdClass))
#2 C:\Users\hp\Local Sites\planty3\app\public\wp-content\themes\astra\inc\builder\type\header\menu\class-astra-header-menu-component.php(131): wp_nav_menu(Object(stdClass))
#3 C:\Users\hp\Local Sites\planty3\app\public\wp-content\themes\astra\inc\builder\markup\class-astra-builder-header.php(126): Astra_Header_Menu_Component::menu_markup(1, 'desktop')
#4 C:\Users\hp\Local Sites\planty3\app\public\wp-includes\class-wp-hook.php(310): Astra_Builder_Header->__call('menu_1', Array)
#5 C:\Users\hp\Local Sites\planty3\app\public\wp-includes\class-wp-hook.php(334): WP_Hook->apply_filters('', Array)
#6 C:\Users\hp\Local Sites\planty3\app\public\wp-includes\plugin.php(517): WP_Hook->do_action(Array)
#7 C:\Users\hp\Local Sites\planty3\app\public\wp-content\themes\astra\template-parts\header\builder\components.php(44): do_action('astra_header_me...', 'desktop')
#8 C:\Users\hp\Local Sites\planty3\app\public\wp-includes\template.php(787): require('C:\\Users\\hp\\Loc...')
#9 C:\Users\hp\Local Sites\planty3\app\public\wp-includes\template.php(720): load_template('C:\\Users\\hp\\Loc...', false, Array)
#10 C:\Users\hp\Local Sites\planty3\app\public\wp-includes\general-template.php(206): locate_template(Array, true, false, Array)
#11 C:\Users\hp\Local Sites\planty3\app\public\wp-content\themes\astra\inc\core\builder\class-astra-builder-helper.php(932): get_template_part('template-parts/...', '', Array)
#12 C:\Users\hp\Local Sites\planty3\app\public\wp-content\themes\astra\inc\builder\markup\class-astra-builder-header.php(234): Astra_Builder_Helper::render_builder_markup('primary', 'right', 'desktop', 'header')
#13 C:\Users\hp\Local Sites\planty3\app\public\wp-includes\class-wp-hook.php(310): Astra_Builder_Header->render_column('primary', 'right')
#14 C:\Users\hp\Local Sites\planty3\app\public\wp-includes\class-wp-hook.php(334): WP_Hook->apply_filters('', Array)
#15 C:\Users\hp\Local Sites\planty3\app\public\wp-includes\plugin.php(517): WP_Hook->do_action(Array)
#16 C:\Users\hp\Local Sites\planty3\app\public\wp-content\themes\astra\template-parts\header\builder\header-row.php(84): do_action('astra_render_he...', 'primary', 'right')
#17 C:\Users\hp\Local Sites\planty3\app\public\wp-includes\template.php(787): require('C:\\Users\\hp\\Loc...')
#18 C:\Users\hp\Local Sites\planty3\app\public\wp-includes\template.php(720): load_template('C:\\Users\\hp\\Loc...', false, Array)
#19 C:\Users\hp\Local Sites\planty3\app\public\wp-includes\general-template.php(206): locate_template(Array, true, false, Array)
#20 C:\Users\hp\Local Sites\planty3\app\public\wp-content\themes\astra\inc\builder\markup\class-astra-builder-header.php(282): get_template_part('template-parts/...', 'row', Array)
#21 C:\Users\hp\Local Sites\planty3\app\public\wp-includes\class-wp-hook.php(310): Astra_Builder_Header->primary_header('')
#22 C:\Users\hp\Local Sites\planty3\app\public\wp-includes\class-wp-hook.php(334): WP_Hook->apply_filters('', Array)
#23 C:\Users\hp\Local Sites\planty3\app\public\wp-includes\plugin.php(517): WP_Hook->do_action(Array)
#24 C:\Users\hp\Local Sites\planty3\app\public\wp-content\themes\astra\template-parts\header\builder\desktop-builder-layout.php(27): do_action('astra_primary_h...')
#25 C:\Users\hp\Local Sites\planty3\app\public\wp-includes\template.php(787): require('C:\\Users\\hp\\Loc...')
#26 C:\Users\hp\Local Sites\planty3\app\public\wp-includes\template.php(720): load_template('C:\\Users\\hp\\Loc...', false, Array)
#27 C:\Users\hp\Local Sites\planty3\app\public\wp-includes\general-template.php(206): locate_template(Array, true, false, Array)
#28 C:\Users\hp\Local Sites\planty3\app\public\wp-content\themes\astra\inc\builder\markup\class-astra-builder-header.php(241): get_template_part('template-parts/...')
#29 C:\Users\hp\Local Sites\planty3\app\public\wp-includes\class-wp-hook.php(310): Astra_Builder_Header->desktop_header('')
#30 C:\Users\hp\Local Sites\planty3\app\public\wp-includes\class-wp-hook.php(334): WP_Hook->apply_filters('', Array)
#31 C:\Users\hp\Local Sites\planty3\app\public\wp-includes\plugin.php(517): WP_Hook->do_action(Array)
#32 C:\Users\hp\Local Sites\planty3\app\public\wp-content\themes\astra\inc\core\theme-hooks.php(159): do_action('astra_masthead')
#33 C:\Users\hp\Local Sites\planty3\app\public\wp-content\themes\astra\inc\markup-extras.php(987): astra_masthead()
#34 C:\Users\hp\Local Sites\planty3\app\public\wp-includes\class-wp-hook.php(310): astra_header_markup('')
#35 C:\Users\hp\Local Sites\planty3\app\public\wp-includes\class-wp-hook.php(334): WP_Hook->apply_filters(NULL, Array)
#36 C:\Users\hp\Local Sites\planty3\app\public\wp-includes\plugin.php(517): WP_Hook->do_action(Array)
#37 C:\Users\hp\Local Sites\planty3\app\public\wp-content\themes\astra\inc\core\theme-hooks.php(145): do_action('astra_header')
#38 C:\Users\hp\Local Sites\planty3\app\public\wp-content\themes\astra-child\header.php(62): astra_header()
#39 C:\Users\hp\Local Sites\planty3\app\public\wp-includes\template.php(785): require_once('C:\\Users\\hp\\Loc...')
#40 C:\Users\hp\Local Sites\planty3\app\public\wp-includes\template.php(720): load_template('C:\\Users\\hp\\Loc...', true, Array)
#41 C:\Users\hp\Local Sites\planty3\app\public\wp-includes\general-template.php(48): locate_template(Array, true, true, Array)
#42 C:\Users\hp\Local Sites\planty3\app\public\wp-content\themes\astra\page.php(20): get_header()
#43 C:\Users\hp\Local Sites\planty3\app\public\wp-includes\template-loader.php(106): include('C:\\Users\\hp\\Loc...')
#44 C:\Users\hp\Local Sites\planty3\app\public\wp-blog-header.php(19): require_once('C:\\Users\\hp\\Loc...')
#45 C:\Users\hp\Local Sites\planty3\app\public\index.php(17): require('C:\\Users\\hp\\Loc...')
#46 {main}
  thrown dans C:\Users\hp\Local Sites\planty3\app\public\wp-includes\class-wp-hook.php à la ligne 310

2023-09-22T06:40:05+00:00 CRITICAL Uncaught TypeError: call_user_func_array(): Argument #1 ($callback) must be a valid callback, function "add_admin_link" not found or invalid function name in C:\Users\hp\Local Sites\planty3\app\public\wp-includes\class-wp-hook.php:310
Stack trace:
#0 C:\Users\hp\Local Sites\planty3\app\public\wp-includes\plugin.php(205): WP_Hook->apply_filters('<li id="menu-it...', Array)
#1 C:\Users\hp\Local Sites\planty3\app\public\wp-includes\nav-menu-template.php(267): apply_filters('wp_nav_menu_ite...', '<li id="menu-it...', Object(stdClass))
#2 C:\Users\hp\Local Sites\planty3\app\public\wp-content\themes\astra\inc\builder\type\header\menu\class-astra-header-menu-component.php(131): wp_nav_menu(Object(stdClass))
#3 C:\Users\hp\Local Sites\planty3\app\public\wp-content\themes\astra\inc\builder\markup\class-astra-builder-header.php(126): Astra_Header_Menu_Component::menu_markup(1, 'desktop')
#4 C:\Users\hp\Local Sites\planty3\app\public\wp-includes\class-wp-hook.php(310): Astra_Builder_Header->__call('menu_1', Array)
#5 C:\Users\hp\Local Sites\planty3\app\public\wp-includes\class-wp-hook.php(334): WP_Hook->apply_filters('', Array)
#6 C:\Users\hp\Local Sites\planty3\app\public\wp-includes\plugin.php(517): WP_Hook->do_action(Array)
#7 C:\Users\hp\Local Sites\planty3\app\public\wp-content\themes\astra\template-parts\header\builder\components.php(44): do_action('astra_header_me...', 'desktop')
#8 C:\Users\hp\Local Sites\planty3\app\public\wp-includes\template.php(787): require('C:\\Users\\hp\\Loc...')
#9 C:\Users\hp\Local Sites\planty3\app\public\wp-includes\template.php(720): load_template('C:\\Users\\hp\\Loc...', false, Array)
#10 C:\Users\hp\Local Sites\planty3\app\public\wp-includes\general-template.php(206): locate_template(Array, true, false, Array)
#11 C:\Users\hp\Local Sites\planty3\app\public\wp-content\themes\astra\inc\core\builder\class-astra-builder-helper.php(932): get_template_part('template-parts/...', '', Array)
#12 C:\Users\hp\Local Sites\planty3\app\public\wp-content\themes\astra\inc\builder\markup\class-astra-builder-header.php(234): Astra_Builder_Helper::render_builder_markup('primary', 'right', 'desktop', 'header')
#13 C:\Users\hp\Local Sites\planty3\app\public\wp-includes\class-wp-hook.php(310): Astra_Builder_Header->render_column('primary', 'right')
#14 C:\Users\hp\Local Sites\planty3\app\public\wp-includes\class-wp-hook.php(334): WP_Hook->apply_filters('', Array)
#15 C:\Users\hp\Local Sites\planty3\app\public\wp-includes\plugin.php(517): WP_Hook->do_action(Array)
#16 C:\Users\hp\Local Sites\planty3\app\public\wp-content\themes\astra\template-parts\header\builder\header-row.php(84): do_action('astra_render_he...', 'primary', 'right')
#17 C:\Users\hp\Local Sites\planty3\app\public\wp-includes\template.php(787): require('C:\\Users\\hp\\Loc...')
#18 C:\Users\hp\Local Sites\planty3\app\public\wp-includes\template.php(720): load_template('C:\\Users\\hp\\Loc...', false, Array)
#19 C:\Users\hp\Local Sites\planty3\app\public\wp-includes\general-template.php(206): locate_template(Array, true, false, Array)
#20 C:\Users\hp\Local Sites\planty3\app\public\wp-content\themes\astra\inc\builder\markup\class-astra-builder-header.php(282): get_template_part('template-parts/...', 'row', Array)
#21 C:\Users\hp\Local Sites\planty3\app\public\wp-includes\class-wp-hook.php(310): Astra_Builder_Header->primary_header('')
#22 C:\Users\hp\Local Sites\planty3\app\public\wp-includes\class-wp-hook.php(334): WP_Hook->apply_filters('', Array)
#23 C:\Users\hp\Local Sites\planty3\app\public\wp-includes\plugin.php(517): WP_Hook->do_action(Array)
#24 C:\Users\hp\Local Sites\planty3\app\public\wp-content\themes\astra\template-parts\header\builder\desktop-builder-layout.php(27): do_action('astra_primary_h...')
#25 C:\Users\hp\Local Sites\planty3\app\public\wp-includes\template.php(787): require('C:\\Users\\hp\\Loc...')
#26 C:\Users\hp\Local Sites\planty3\app\public\wp-includes\template.php(720): load_template('C:\\Users\\hp\\Loc...', false, Array)
#27 C:\Users\hp\Local Sites\planty3\app\public\wp-includes\general-template.php(206): locate_template(Array, true, false, Array)
#28 C:\Users\hp\Local Sites\planty3\app\public\wp-content\themes\astra\inc\builder\markup\class-astra-builder-header.php(241): get_template_part('template-parts/...')
#29 C:\Users\hp\Local Sites\planty3\app\public\wp-includes\class-wp-hook.php(310): Astra_Builder_Header->desktop_header('')
#30 C:\Users\hp\Local Sites\planty3\app\public\wp-includes\class-wp-hook.php(334): WP_Hook->apply_filters('', Array)
#31 C:\Users\hp\Local Sites\planty3\app\public\wp-includes\plugin.php(517): WP_Hook->do_action(Array)
#32 C:\Users\hp\Local Sites\planty3\app\public\wp-content\themes\astra\inc\core\theme-hooks.php(159): do_action('astra_masthead')
#33 C:\Users\hp\Local Sites\planty3\app\public\wp-content\themes\astra\inc\markup-extras.php(987): astra_masthead()
#34 C:\Users\hp\Local Sites\planty3\app\public\wp-includes\class-wp-hook.php(310): astra_header_markup('')
#35 C:\Users\hp\Local Sites\planty3\app\public\wp-includes\class-wp-hook.php(334): WP_Hook->apply_filters(NULL, Array)
#36 C:\Users\hp\Local Sites\planty3\app\public\wp-includes\plugin.php(517): WP_Hook->do_action(Array)
#37 C:\Users\hp\Local Sites\planty3\app\public\wp-content\themes\astra\inc\core\theme-hooks.php(145): do_action('astra_header')
#38 C:\Users\hp\Local Sites\planty3\app\public\wp-content\themes\astra-child\header.php(62): astra_header()
#39 C:\Users\hp\Local Sites\planty3\app\public\wp-includes\template.php(785): require_once('C:\\Users\\hp\\Loc...')
#40 C:\Users\hp\Local Sites\planty3\app\public\wp-includes\template.php(720): load_template('C:\\Users\\hp\\Loc...', true, Array)
#41 C:\Users\hp\Local Sites\planty3\app\public\wp-includes\general-template.php(48): locate_template(Array, true, true, Array)
#42 C:\Users\hp\Local Sites\planty3\app\public\wp-content\themes\astra\page.php(20): get_header()
#43 C:\Users\hp\Local Sites\planty3\app\public\wp-includes\template-loader.php(106): include('C:\\Users\\hp\\Loc...')
#44 C:\Users\hp\Local Sites\planty3\app\public\wp-blog-header.php(19): require_once('C:\\Users\\hp\\Loc...')
#45 C:\Users\hp\Local Sites\planty3\app\public\index.php(17): require('C:\\Users\\hp\\Loc...')
#46 {main}
  thrown dans C:\Users\hp\Local Sites\planty3\app\public\wp-includes\class-wp-hook.php à la ligne 310

2023-09-22T06:40:08+00:00 CRITICAL Uncaught TypeError: call_user_func_array(): Argument #1 ($callback) must be a valid callback, function "add_admin_link" not found or invalid function name in C:\Users\hp\Local Sites\planty3\app\public\wp-includes\class-wp-hook.php:310
Stack trace:
#0 C:\Users\hp\Local Sites\planty3\app\public\wp-includes\plugin.php(205): WP_Hook->apply_filters('<li id="menu-it...', Array)
#1 C:\Users\hp\Local Sites\planty3\app\public\wp-includes\nav-menu-template.php(267): apply_filters('wp_nav_menu_ite...', '<li id="menu-it...', Object(stdClass))
#2 C:\Users\hp\Local Sites\planty3\app\public\wp-content\themes\astra\inc\builder\type\header\menu\class-astra-header-menu-component.php(131): wp_nav_menu(Object(stdClass))
#3 C:\Users\hp\Local Sites\planty3\app\public\wp-content\themes\astra\inc\builder\markup\class-astra-builder-header.php(126): Astra_Header_Menu_Component::menu_markup(1, 'desktop')
#4 C:\Users\hp\Local Sites\planty3\app\public\wp-includes\class-wp-hook.php(310): Astra_Builder_Header->__call('menu_1', Array)
#5 C:\Users\hp\Local Sites\planty3\app\public\wp-includes\class-wp-hook.php(334): WP_Hook->apply_filters('', Array)
#6 C:\Users\hp\Local Sites\planty3\app\public\wp-includes\plugin.php(517): WP_Hook->do_action(Array)
#7 C:\Users\hp\Local Sites\planty3\app\public\wp-content\themes\astra\template-parts\header\builder\components.php(44): do_action('astra_header_me...', 'desktop')
#8 C:\Users\hp\Local Sites\planty3\app\public\wp-includes\template.php(787): require('C:\\Users\\hp\\Loc...')
#9 C:\Users\hp\Local Sites\planty3\app\public\wp-includes\template.php(720): load_template('C:\\Users\\hp\\Loc...', false, Array)
#10 C:\Users\hp\Local Sites\planty3\app\public\wp-includes\general-template.php(206): locate_template(Array, true, false, Array)
#11 C:\Users\hp\Local Sites\planty3\app\public\wp-content\themes\astra\inc\core\builder\class-astra-builder-helper.php(932): get_template_part('template-parts/...', '', Array)
#12 C:\Users\hp\Local Sites\planty3\app\public\wp-content\themes\astra\inc\builder\markup\class-astra-builder-header.php(234): Astra_Builder_Helper::render_builder_markup('primary', 'right', 'desktop', 'header')
#13 C:\Users\hp\Local Sites\planty3\app\public\wp-includes\class-wp-hook.php(310): Astra_Builder_Header->render_column('primary', 'right')
#14 C:\Users\hp\Local Sites\planty3\app\public\wp-includes\class-wp-hook.php(334): WP_Hook->apply_filters('', Array)
#15 C:\Users\hp\Local Sites\planty3\app\public\wp-includes\plugin.php(517): WP_Hook->do_action(Array)
#16 C:\Users\hp\Local Sites\planty3\app\public\wp-content\themes\astra\template-parts\header\builder\header-row.php(84): do_action('astra_render_he...', 'primary', 'right')
#17 C:\Users\hp\Local Sites\planty3\app\public\wp-includes\template.php(787): require('C:\\Users\\hp\\Loc...')
#18 C:\Users\hp\Local Sites\planty3\app\public\wp-includes\template.php(720): load_template('C:\\Users\\hp\\Loc...', false, Array)
#19 C:\Users\hp\Local Sites\planty3\app\public\wp-includes\general-template.php(206): locate_template(Array, true, false, Array)
#20 C:\Users\hp\Local Sites\planty3\app\public\wp-content\themes\astra\inc\builder\markup\class-astra-builder-header.php(282): get_template_part('template-parts/...', 'row', Array)
#21 C:\Users\hp\Local Sites\planty3\app\public\wp-includes\class-wp-hook.php(310): Astra_Builder_Header->primary_header('')
#22 C:\Users\hp\Local Sites\planty3\app\public\wp-includes\class-wp-hook.php(334): WP_Hook->apply_filters('', Array)
#23 C:\Users\hp\Local Sites\planty3\app\public\wp-includes\plugin.php(517): WP_Hook->do_action(Array)
#24 C:\Users\hp\Local Sites\planty3\app\public\wp-content\themes\astra\template-parts\header\builder\desktop-builder-layout.php(27): do_action('astra_primary_h...')
#25 C:\Users\hp\Local Sites\planty3\app\public\wp-includes\template.php(787): require('C:\\Users\\hp\\Loc...')
#26 C:\Users\hp\Local Sites\planty3\app\public\wp-includes\template.php(720): load_template('C:\\Users\\hp\\Loc...', false, Array)
#27 C:\Users\hp\Local Sites\planty3\app\public\wp-includes\general-template.php(206): locate_template(Array, true, false, Array)
#28 C:\Users\hp\Local Sites\planty3\app\public\wp-content\themes\astra\inc\builder\markup\class-astra-builder-header.php(241): get_template_part('template-parts/...')
#29 C:\Users\hp\Local Sites\planty3\app\public\wp-includes\class-wp-hook.php(310): Astra_Builder_Header->desktop_header('')
#30 C:\Users\hp\Local Sites\planty3\app\public\wp-includes\class-wp-hook.php(334): WP_Hook->apply_filters('', Array)
#31 C:\Users\hp\Local Sites\planty3\app\public\wp-includes\plugin.php(517): WP_Hook->do_action(Array)
#32 C:\Users\hp\Local Sites\planty3\app\public\wp-content\themes\astra\inc\core\theme-hooks.php(159): do_action('astra_masthead')
#33 C:\Users\hp\Local Sites\planty3\app\public\wp-content\themes\astra\inc\markup-extras.php(987): astra_masthead()
#34 C:\Users\hp\Local Sites\planty3\app\public\wp-includes\class-wp-hook.php(310): astra_header_markup('')
#35 C:\Users\hp\Local Sites\planty3\app\public\wp-includes\class-wp-hook.php(334): WP_Hook->apply_filters(NULL, Array)
#36 C:\Users\hp\Local Sites\planty3\app\public\wp-includes\plugin.php(517): WP_Hook->do_action(Array)
#37 C:\Users\hp\Local Sites\planty3\app\public\wp-content\themes\astra\inc\core\theme-hooks.php(145): do_action('astra_header')
#38 C:\Users\hp\Local Sites\planty3\app\public\wp-content\themes\astra-child\header.php(62): astra_header()
#39 C:\Users\hp\Local Sites\planty3\app\public\wp-includes\template.php(785): require_once('C:\\Users\\hp\\Loc...')
#40 C:\Users\hp\Local Sites\planty3\app\public\wp-includes\template.php(720): load_template('C:\\Users\\hp\\Loc...', true, Array)
#41 C:\Users\hp\Local Sites\planty3\app\public\wp-includes\general-template.php(48): locate_template(Array, true, true, Array)
#42 C:\Users\hp\Local Sites\planty3\app\public\wp-content\themes\astra\page.php(20): get_header()
#43 C:\Users\hp\Local Sites\planty3\app\public\wp-includes\template-loader.php(106): include('C:\\Users\\hp\\Loc...')
#44 C:\Users\hp\Local Sites\planty3\app\public\wp-blog-header.php(19): require_once('C:\\Users\\hp\\Loc...')
#45 C:\Users\hp\Local Sites\planty3\app\public\index.php(17): require('C:\\Users\\hp\\Loc...')
#46 {main}
  thrown dans C:\Users\hp\Local Sites\planty3\app\public\wp-includes\class-wp-hook.php à la ligne 310

2023-09-22T07:30:49+00:00 CRITICAL Uncaught TypeError: call_user_func_array(): Argument #1 ($callback) must be a valid callback, function "add_admin_link" not found or invalid function name in C:\Users\hp\Local Sites\planty3\app\public\wp-includes\class-wp-hook.php:310
Stack trace:
#0 C:\Users\hp\Local Sites\planty3\app\public\wp-includes\plugin.php(205): WP_Hook->apply_filters('<li id="menu-it...', Array)
#1 C:\Users\hp\Local Sites\planty3\app\public\wp-includes\nav-menu-template.php(267): apply_filters('wp_nav_menu_ite...', '<li id="menu-it...', Object(stdClass))
#2 C:\Users\hp\Local Sites\planty3\app\public\wp-content\themes\astra\inc\builder\type\header\menu\class-astra-header-menu-component.php(131): wp_nav_menu(Object(stdClass))
#3 C:\Users\hp\Local Sites\planty3\app\public\wp-content\themes\astra\inc\builder\markup\class-astra-builder-header.php(126): Astra_Header_Menu_Component::menu_markup(1, 'desktop')
#4 C:\Users\hp\Local Sites\planty3\app\public\wp-includes\class-wp-hook.php(310): Astra_Builder_Header->__call('menu_1', Array)
#5 C:\Users\hp\Local Sites\planty3\app\public\wp-includes\class-wp-hook.php(334): WP_Hook->apply_filters('', Array)
#6 C:\Users\hp\Local Sites\planty3\app\public\wp-includes\plugin.php(517): WP_Hook->do_action(Array)
#7 C:\Users\hp\Local Sites\planty3\app\public\wp-content\themes\astra\template-parts\header\builder\components.php(44): do_action('astra_header_me...', 'desktop')
#8 C:\Users\hp\Local Sites\planty3\app\public\wp-includes\template.php(787): require('C:\\Users\\hp\\Loc...')
#9 C:\Users\hp\Local Sites\planty3\app\public\wp-includes\template.php(720): load_template('C:\\Users\\hp\\Loc...', false, Array)
#10 C:\Users\hp\Local Sites\planty3\app\public\wp-includes\general-template.php(206): locate_template(Array, true, false, Array)
#11 C:\Users\hp\Local Sites\planty3\app\public\wp-content\themes\astra\inc\core\builder\class-astra-builder-helper.php(932): get_template_part('template-parts/...', '', Array)
#12 C:\Users\hp\Local Sites\planty3\app\public\wp-content\themes\astra\inc\builder\markup\class-astra-builder-header.php(234): Astra_Builder_Helper::render_builder_markup('primary', 'right', 'desktop', 'header')
#13 C:\Users\hp\Local Sites\planty3\app\public\wp-includes\class-wp-hook.php(310): Astra_Builder_Header->render_column('primary', 'right')
#14 C:\Users\hp\Local Sites\planty3\app\public\wp-includes\class-wp-hook.php(334): WP_Hook->apply_filters('', Array)
#15 C:\Users\hp\Local Sites\planty3\app\public\wp-includes\plugin.php(517): WP_Hook->do_action(Array)
#16 C:\Users\hp\Local Sites\planty3\app\public\wp-content\themes\astra\template-parts\header\builder\header-row.php(84): do_action('astra_render_he...', 'primary', 'right')
#17 C:\Users\hp\Local Sites\planty3\app\public\wp-includes\template.php(787): require('C:\\Users\\hp\\Loc...')
#18 C:\Users\hp\Local Sites\planty3\app\public\wp-includes\template.php(720): load_template('C:\\Users\\hp\\Loc...', false, Array)
#19 C:\Users\hp\Local Sites\planty3\app\public\wp-includes\general-template.php(206): locate_template(Array, true, false, Array)
#20 C:\Users\hp\Local Sites\planty3\app\public\wp-content\themes\astra\inc\builder\markup\class-astra-builder-header.php(282): get_template_part('template-parts/...', 'row', Array)
#21 C:\Users\hp\Local Sites\planty3\app\public\wp-includes\class-wp-hook.php(310): Astra_Builder_Header->primary_header('')
#22 C:\Users\hp\Local Sites\planty3\app\public\wp-includes\class-wp-hook.php(334): WP_Hook->apply_filters('', Array)
#23 C:\Users\hp\Local Sites\planty3\app\public\wp-includes\plugin.php(517): WP_Hook->do_action(Array)
#24 C:\Users\hp\Local Sites\planty3\app\public\wp-content\themes\astra\template-parts\header\builder\desktop-builder-layout.php(27): do_action('astra_primary_h...')
#25 C:\Users\hp\Local Sites\planty3\app\public\wp-includes\template.php(787): require('C:\\Users\\hp\\Loc...')
#26 C:\Users\hp\Local Sites\planty3\app\public\wp-includes\template.php(720): load_template('C:\\Users\\hp\\Loc...', false, Array)
#27 C:\Users\hp\Local Sites\planty3\app\public\wp-includes\general-template.php(206): locate_template(Array, true, false, Array)
#28 C:\Users\hp\Local Sites\planty3\app\public\wp-content\themes\astra\inc\builder\markup\class-astra-builder-header.php(241): get_template_part('template-parts/...')
#29 C:\Users\hp\Local Sites\planty3\app\public\wp-includes\class-wp-hook.php(310): Astra_Builder_Header->desktop_header('')
#30 C:\Users\hp\Local Sites\planty3\app\public\wp-includes\class-wp-hook.php(334): WP_Hook->apply_filters('', Array)
#31 C:\Users\hp\Local Sites\planty3\app\public\wp-includes\plugin.php(517): WP_Hook->do_action(Array)
#32 C:\Users\hp\Local Sites\planty3\app\public\wp-content\themes\astra\inc\core\theme-hooks.php(159): do_action('astra_masthead')
#33 C:\Users\hp\Local Sites\planty3\app\public\wp-content\themes\astra\inc\markup-extras.php(987): astra_masthead()
#34 C:\Users\hp\Local Sites\planty3\app\public\wp-includes\class-wp-hook.php(310): astra_header_markup('')
#35 C:\Users\hp\Local Sites\planty3\app\public\wp-includes\class-wp-hook.php(334): WP_Hook->apply_filters(NULL, Array)
#36 C:\Users\hp\Local Sites\planty3\app\public\wp-includes\plugin.php(517): WP_Hook->do_action(Array)
#37 C:\Users\hp\Local Sites\planty3\app\public\wp-content\themes\astra\inc\core\theme-hooks.php(145): do_action('astra_header')
#38 C:\Users\hp\Local Sites\planty3\app\public\wp-content\themes\astra-child\header.php(62): astra_header()
#39 C:\Users\hp\Local Sites\planty3\app\public\wp-includes\template.php(785): require_once('C:\\Users\\hp\\Loc...')
#40 C:\Users\hp\Local Sites\planty3\app\public\wp-includes\template.php(720): load_template('C:\\Users\\hp\\Loc...', true, Array)
#41 C:\Users\hp\Local Sites\planty3\app\public\wp-includes\general-template.php(48): locate_template(Array, true, true, Array)
#42 C:\Users\hp\Local Sites\planty3\app\public\wp-content\themes\astra\page.php(20): get_header()
#43 C:\Users\hp\Local Sites\planty3\app\public\wp-includes\template-loader.php(106): include('C:\\Users\\hp\\Loc...')
#44 C:\Users\hp\Local Sites\planty3\app\public\wp-blog-header.php(19): require_once('C:\\Users\\hp\\Loc...')
#45 C:\Users\hp\Local Sites\planty3\app\public\index.php(17): require('C:\\Users\\hp\\Loc...')
#46 {main}
  thrown dans C:\Users\hp\Local Sites\planty3\app\public\wp-includes\class-wp-hook.php à la ligne 310

